<?xml version="1.0" encoding="UTF-8"?>
<!-- Generated by org.testng.reporters.JUnitXMLReporter -->
<testsuite ignored="0" hostname="LAPTOP-2PN21ELN" failures="0" tests="5" name="datadriven" time="16.552" errors="0" timestamp="2022-08-08T21:52:47 IST">
  <testcase classname="datadriven.Datadriven_test" name="f" time="2.197"/>
  <testcase classname="datadriven.Datadriven_test" name="f" time="1.601"/>
  <testcase classname="datadriven.Datadriven_test" name="f" time="1.643"/>
  <testcase classname="datadriven.Datadriven_test" name="f" time="1.466"/>
  <testcase classname="datadriven.Datadriven_test" name="f" time="7.951"/>
</testsuite> <!-- datadriven -->
