<?xml version="1.0" encoding="UTF-8"?>
<!-- Generated by org.testng.reporters.JUnitXMLReporter -->
<testsuite ignored="0" hostname="LAPTOP-2PN21ELN" failures="1" tests="1" name="dashboard" time="0.56" errors="0" timestamp="2022-08-07T23:40:41 IST">
  <testcase classname="test_case.Dashboard_test" name="dash" time="0.387">
    <failure type="java.lang.AssertionError" message="null">
      <![CDATA[java.lang.AssertionError: null
at test_case.Dashboard_test.dash(Dashboard_test.java:29)
at java.base/java.util.ArrayList.forEach(ArrayList.java:1511)
... Removed 29 stack frames]]>
    </failure>
  </testcase> <!-- dash -->
</testsuite> <!-- dashboard -->
