<?xml version="1.0" encoding="UTF-8"?>
<!-- Generated by org.testng.reporters.JUnitXMLReporter -->
<testsuite ignored="0" hostname="LAPTOP-2PN21ELN" failures="0" tests="5" name="datadriven" time="14.81" errors="0" timestamp="2022-08-07T23:40:40 IST">
  <testcase classname="datadriven.Datadriven_test" name="f" time="1.847"/>
  <testcase classname="datadriven.Datadriven_test" name="f" time="1.692"/>
  <testcase classname="datadriven.Datadriven_test" name="f" time="1.362"/>
  <testcase classname="datadriven.Datadriven_test" name="f" time="1.304"/>
  <testcase classname="datadriven.Datadriven_test" name="f" time="8.067"/>
</testsuite> <!-- datadriven -->
